<?xml version="1.0" encoding="UTF-8"?>
<!-- Generated by org.testng.reporters.JUnitReportReporter -->
<testsuite hostname="DESKTOP-R1NCR26" failures="0" tests="1" name="com.DesignPattern.SingletonPattern_WebPageTest" time="17.864" errors="0" timestamp="2022-04-10T11:51:29 GMT-05:00" skipped="0">
  <testcase classname="com.DesignPattern.SingletonPattern_WebPageTest" name="testMethod1" time="17.864"/>
  <system-out/>
</testsuite> <!-- com.DesignPattern.SingletonPattern_WebPageTest -->
